2024-10-13T18:37:46-03:00 - 
2024-10-13T18:49:54-03:00 - 
2024-10-13T18:51:16-03:00 - 
2024-10-13T18:51:26-03:00 - MzQzNDM=
2024-10-13T18:52:18-03:00 - MzQzNDMzNDM0MzQ=
2024-10-13T18:52:27-03:00 - MzQzNDMzNDM0MzQ=
2024-10-13T18:52:36-03:00 - MzQzNDMzNDM0MzQ=
2024-10-13T18:55:03-03:00 - MzQzNDMzNDM0MzQ=
2024-10-13T18:55:08-03:00 - MzQzNDMzNDM0MzQ=
2024-10-13T19:01:20-03:00 - MzQzNDMzNDM0MzQ=
2024-10-13T19:01:32-03:00 - MzQzNDMzNDM0MzQ=
2024-10-13T19:02:37-03:00 - MzQzNDMzNDM0MzRkZmZk
2024-10-13T19:03:33-03:00 - ZGZkZmRzZnNkZg==
2024-10-13T19:04:06-03:00 - ZGZkZmRzZnNkZmZkZmQ=
2024-10-13T19:05:57-03:00 - 222-cancellation-id-
2024-10-13T19:06:24-03:00 - 222-cancellation-id-343434
2024-10-13T20:08:11-03:00 - MTA4OTE4
2024-10-13T20:08:11-03:00 - MTE1NjU2
2024-10-13T20:08:11-03:00 - MTUyNTE3
2024-10-13T20:08:11-03:00 - MTA2MTMy
2024-10-13T20:08:11-03:00 - MTU4NTA3
2024-10-13T20:08:11-03:00 - MTQ3NDky
2024-10-13T20:08:11-03:00 - MTk2NTI4
2024-10-13T20:08:11-03:00 - MTc3MzE5
2024-10-13T20:08:11-03:00 - MTY0NTU5
2024-10-13T20:08:11-03:00 - MTM4ODM4
2024-10-13T20:08:12-03:00 - MTYzODEz
2024-10-13T20:08:12-03:00 - MTk4ODgy
2024-10-13T20:08:12-03:00 - MTc3MTg3
2024-10-13T20:08:12-03:00 - MTU0MzQ1
2024-10-13T20:08:12-03:00 - MTE5OTYw
2024-10-13T20:08:12-03:00 - MTIzNDg0
2024-10-13T20:08:12-03:00 - MTgyNjcy
2024-10-13T20:08:12-03:00 - MTEwMjA2
2024-10-13T20:08:12-03:00 - MTQ3Njc3
2024-10-13T20:08:12-03:00 - MTI0Njg5
2024-10-13T20:08:13-03:00 - MTcyNTU1
2024-10-13T20:08:13-03:00 - MTgxNDA1
2024-10-13T20:08:13-03:00 - MTc0MDA5
2024-10-13T20:08:13-03:00 - MTY4Mjgz
2024-10-13T20:08:13-03:00 - MTU0OTUz
2024-10-13T20:08:13-03:00 - MTU1MTM0
2024-10-13T20:08:13-03:00 - MTEzMzMy
2024-10-13T20:08:13-03:00 - MTA2OTYz
2024-10-13T20:08:13-03:00 - MTg3NTUw
2024-10-13T20:08:13-03:00 - MTcyMTQ1
2024-10-13T20:08:14-03:00 - MTM1MjIy
2024-10-13T20:08:14-03:00 - MTY2NDUx
2024-10-13T20:08:14-03:00 - MTQwNzQx
2024-10-13T20:08:14-03:00 - MTA5Mjcw
2024-10-13T20:08:14-03:00 - MTQ1MzQx
2024-10-13T20:08:14-03:00 - MTQ5NzE0
2024-10-13T20:08:14-03:00 - MTQ1NzE4
2024-10-13T20:08:14-03:00 - MTM1ODI3
2024-10-13T20:08:14-03:00 - MTgwNjMw
2024-10-13T20:08:14-03:00 - MTU1MDI3
2024-10-13T20:08:15-03:00 - MTgyOTE2
2024-10-13T20:08:15-03:00 - MTE1NTQ5
2024-10-13T20:08:15-03:00 - MTgyMTAw
2024-10-13T20:08:15-03:00 - MTk2MjMx
2024-10-13T20:08:15-03:00 - MTAzMzA4
2024-10-13T20:08:15-03:00 - MTYxNDkx
2024-10-13T20:08:15-03:00 - MTg1ODUy
2024-10-13T20:08:15-03:00 - MTYyMjcy
2024-10-13T20:08:15-03:00 - MTUwNjMz
2024-10-13T20:08:15-03:00 - MTIyMDk1
2024-10-13T20:08:16-03:00 - MTYzODU1
2024-10-13T20:08:16-03:00 - MTE5NTM1
2024-10-13T20:08:16-03:00 - MTA1NTQ0
2024-10-13T20:08:16-03:00 - MTcwMjU1
2024-10-13T20:08:16-03:00 - MTU0MzIy
2024-10-13T20:08:16-03:00 - MTU5OTUx
2024-10-13T20:08:16-03:00 - MTA4NzIw
2024-10-13T20:08:16-03:00 - MTMzMTI5
2024-10-13T20:08:16-03:00 - MTY5MDY5
2024-10-13T20:08:16-03:00 - MTY4OTYw
2024-10-13T20:08:17-03:00 - MTU4NTg2
2024-10-13T20:08:17-03:00 - MTg0NzI3
2024-10-13T20:08:17-03:00 - MTgzNjk1
2024-10-13T20:08:17-03:00 - MTQ5Mjkx
2024-10-13T20:08:17-03:00 - MTQwNzM4
2024-10-13T20:08:17-03:00 - MTI4NTE3
2024-10-13T20:08:17-03:00 - MTQzNzM3
2024-10-13T20:08:17-03:00 - MTg2Nzky
2024-10-13T20:08:17-03:00 - MTIyNDU5
2024-10-13T20:08:17-03:00 - MTk3OTc5
2024-10-13T20:08:18-03:00 - MTAyNTUz
2024-10-13T20:08:18-03:00 - MTQ0NzA2
2024-10-13T20:08:18-03:00 - MTAzMDU5
2024-10-13T20:08:18-03:00 - MTA0MDk4
2024-10-13T20:08:18-03:00 - MTMzMDQ0
2024-10-13T20:08:18-03:00 - MTI3MjM2
2024-10-13T20:08:18-03:00 - MTYzNDUw
2024-10-13T20:08:18-03:00 - MTcxODMw
2024-10-13T20:08:18-03:00 - MTUwNjQw
2024-10-13T20:08:18-03:00 - MTE3ODQ2
2024-10-13T20:08:19-03:00 - MTQ4MzUw
2024-10-13T20:08:19-03:00 - MTQwODc1
2024-10-13T20:08:19-03:00 - MTUxODEw
2024-10-13T20:08:19-03:00 - MTgyMjky
2024-10-13T20:08:19-03:00 - MTczNTIy
2024-10-13T20:08:19-03:00 - MTU1ODE3
2024-10-13T20:08:19-03:00 - MTU5NjQw
2024-10-13T20:08:19-03:00 - MTc5MzUw
2024-10-13T20:08:19-03:00 - MTc1MDQ3
2024-10-13T20:08:19-03:00 - MTMyMjM5
2024-10-13T20:08:20-03:00 - MTQwNTkz
2024-10-13T20:08:20-03:00 - MTIyNDQx
2024-10-13T20:08:20-03:00 - MTcxNjQw
2024-10-13T20:08:20-03:00 - MTc2Njcx
2024-10-13T20:08:20-03:00 - MTk5MzU5
2024-10-13T20:08:20-03:00 - MTA0MjI3
2024-10-13T20:08:20-03:00 - MTAyNTYy
2024-10-13T20:08:20-03:00 - MTczMTgx
2024-10-13T20:08:20-03:00 - MTk2Mzc1
2024-10-13T20:08:20-03:00 - MTE0MzE3
2024-10-13T20:08:21-03:00 - MTIwMDU5
2024-10-13T20:08:21-03:00 - MTc2MjEx
2024-10-13T20:08:21-03:00 - MTMwODY4
2024-10-13T20:08:21-03:00 - MTI3MTU3
2024-10-13T20:08:21-03:00 - MTk3MTg4
2024-10-13T20:08:21-03:00 - MTEyNjYy
2024-10-13T20:08:21-03:00 - MTg4NTk1
2024-10-13T20:08:21-03:00 - MTM1MjIw
2024-10-13T20:08:21-03:00 - MTg3NTU0
2024-10-13T20:08:21-03:00 - MTkwMDM3
2024-10-13T20:08:22-03:00 - MTI3Njg3
2024-10-13T20:08:22-03:00 - MTQzMjc2
2024-10-13T20:08:22-03:00 - MTUzNDk2
2024-10-13T20:08:22-03:00 - MTIzMDY5
2024-10-13T20:08:22-03:00 - MTc3ODA3
2024-10-13T20:08:22-03:00 - MTUzMDIy
2024-10-13T20:08:22-03:00 - MTYxMTc5
2024-10-13T20:08:22-03:00 - MTk3Mzk1
2024-10-13T20:08:22-03:00 - MTI0MjAy
2024-10-13T20:08:22-03:00 - MTkxMzIw
2024-10-13T20:08:23-03:00 - MTQ1NTgw
2024-10-13T20:08:23-03:00 - MTQ0MzE2
2024-10-13T20:08:23-03:00 - MTQxOTMz
2024-10-13T20:08:23-03:00 - MTY5ODAy
2024-10-13T20:08:23-03:00 - MTg0MTQ4
2024-10-13T20:08:23-03:00 - MTgxMzMy
2024-10-13T20:08:23-03:00 - MTgxMTc5
2024-10-13T20:08:23-03:00 - MTc5MTY4
2024-10-13T20:08:23-03:00 - MTk3OTQ4
2024-10-13T20:08:23-03:00 - MTI1Njkx
2024-10-13T20:08:24-03:00 - MTM5OTg0
2024-10-13T20:08:24-03:00 - MTYyNDUx
2024-10-13T20:08:24-03:00 - MTM1MjMw
2024-10-13T20:08:24-03:00 - MTI3MTU0
2024-10-13T20:08:24-03:00 - MTczMTU5
2024-10-13T20:08:24-03:00 - MTY3MTgy
2024-10-13T20:08:24-03:00 - MTU0Njkz
2024-10-13T20:08:24-03:00 - MTM0ODQz
2024-10-13T20:08:24-03:00 - MTEzMTI4
2024-10-13T20:08:24-03:00 - MTI1MDQ1
2024-10-13T20:08:25-03:00 - MTgxMjA4
2024-10-13T20:08:25-03:00 - MTk4MzIx
2024-10-13T20:08:25-03:00 - MTMyMzY3
2024-10-13T20:08:25-03:00 - MTMzNTkz
2024-10-13T20:08:25-03:00 - MTcxNDcx
2024-10-13T20:08:25-03:00 - MTA4MjQ0
2024-10-13T20:08:25-03:00 - MTI0ODc5
